<?xml version="1.0" encoding="UTF-8"?>
<testng-results ignored="0" total="1" passed="1" failed="0" skipped="0">
  <reporter-output>
  </reporter-output>
  <suite started-at="2025-05-11T20:15:31 IST" name="Default suite" finished-at="2025-05-11T20:15:39 IST" duration-ms="8082">
    <groups>
    </groups>
    <test started-at="2025-05-11T20:15:31 IST" name="Default test" finished-at="2025-05-11T20:15:39 IST" duration-ms="8082">
      <class name="org.demo.tests.LoginTest">
        <test-method is-config="true" signature="setUp()[pri:0, instance:org.demo.tests.LoginTest@6f03482]" started-at="2025-05-11T20:15:31 IST" name="setUp" finished-at="2025-05-11T20:15:35 IST" duration-ms="4106" status="PASS">
          <reporter-output>
          </reporter-output>
        </test-method> <!-- setUp -->
        <test-method signature="login_Test()[pri:0, instance:org.demo.tests.LoginTest@6f03482]" started-at="2025-05-11T20:15:35 IST" name="login_Test" finished-at="2025-05-11T20:15:39 IST" duration-ms="3765" status="PASS">
          <reporter-output>
          </reporter-output>
        </test-method> <!-- login_Test -->
        <test-method is-config="true" signature="tearDown()[pri:0, instance:org.demo.tests.LoginTest@6f03482]" started-at="2025-05-11T20:15:39 IST" name="tearDown" finished-at="2025-05-11T20:15:39 IST" duration-ms="129" status="PASS">
          <reporter-output>
          </reporter-output>
        </test-method> <!-- tearDown -->
      </class> <!-- org.demo.tests.LoginTest -->
    </test> <!-- Default test -->
  </suite> <!-- Default suite -->
</testng-results>
