<?xml version="1.0" encoding="UTF-8"?>
<testng-results ignored="0" total="1" passed="1" failed="0" skipped="0">
  <reporter-output>
  </reporter-output>
  <suite started-at="2025-05-11T15:55:58 IST" name="Default suite" finished-at="2025-05-11T15:56:08 IST" duration-ms="9670">
    <groups>
    </groups>
    <test started-at="2025-05-11T15:55:58 IST" name="Default test" finished-at="2025-05-11T15:56:08 IST" duration-ms="9670">
      <class name="org.demo.tests.LoginTest">
        <test-method is-config="true" signature="setUp()[pri:0, instance:org.demo.tests.LoginTest@6f03482]" started-at="2025-05-11T15:55:58 IST" name="setUp" finished-at="2025-05-11T15:56:06 IST" duration-ms="8074" status="PASS">
          <reporter-output>
          </reporter-output>
        </test-method> <!-- setUp -->
        <test-method signature="login_Test()[pri:0, instance:org.demo.tests.LoginTest@6f03482]" started-at="2025-05-11T15:56:06 IST" name="login_Test" finished-at="2025-05-11T15:56:07 IST" duration-ms="962" status="PASS">
          <reporter-output>
          </reporter-output>
        </test-method> <!-- login_Test -->
        <test-method is-config="true" signature="tearDown()[pri:0, instance:org.demo.tests.LoginTest@6f03482]" started-at="2025-05-11T15:56:07 IST" name="tearDown" finished-at="2025-05-11T15:56:08 IST" duration-ms="511" status="PASS">
          <reporter-output>
          </reporter-output>
        </test-method> <!-- tearDown -->
      </class> <!-- org.demo.tests.LoginTest -->
    </test> <!-- Default test -->
  </suite> <!-- Default suite -->
</testng-results>
